<?xml version="1.0" encoding="UTF-8"?>
<!-- Generated by org.testng.reporters.JUnitReportReporter -->
<testsuite skipped="0" hostname="mayank" name="com.framework.qa.testcases.HomePageTest" tests="3" failures="0" timestamp="21 Apr 2020 18:29:30 GMT" time="34.413" errors="0">
  <testcase name="verifyUserNameTest" time="10.648" classname="com.framework.qa.testcases.HomePageTest"/>
  <testcase name="verifyNewCustomerTest" time="13.041" classname="com.framework.qa.testcases.HomePageTest"/>
  <testcase name="verifyHomePageTitleTest" time="10.724" classname="com.framework.qa.testcases.HomePageTest"/>
</testsuite> <!-- com.framework.qa.testcases.HomePageTest -->
